C51 COMPILER V9.00   OBB                                                                   04/27/2022 22:25:56 PAGE 1   


C51 COMPILER V9.00, COMPILATION OF MODULE OBB
OBJECT MODULE PLACED IN obb.OBJ
COMPILER INVOKED BY: C:\Users\38141\Desktop\sys\C51\BIN\C51.EXE obb.c BROWSE DEBUG OBJECTEXTEND

line level    source

   1          #include <regx51.h>
   2          #include <intrins.h>
   3          #define uint unsigned int
   4          #define uc unsigned char
   5          
   6          uc a,flag,num;
   7          sbit beep = P2^5;
   8          
   9          /*void delay(uint xms)
  10          {
  11             uc i, j;
  12             while(xms--) 
  13            {
  14                  i = 2;
  15                  j = 239;
  16                  do { while (--j); }
  17                  while (--i);
  18            }
  19          }  */
  20          
  21          void delay(uint i)
  22          {
  23   1              while(i--);
  24   1      }
  25          
  26          void init()
  27          {
  28   1              TMOD=0x20;       //定时器1，工作方式2，八位初值自动重载          
  29   1              TH1=0xfd;        //设置波特率为9600
  30   1              TL1=0xfd;
  31   1              TR1=1;           //开启定时器1
  32   1       
  33   1              SM0=0;
  34   1              SM1=1;           //设置串口工作模式1，八位数据波特率可变
  35   1          REN=1;               //允许串口接收
  36   1              EA=1;        //允许总中断
  37   1              ES=1;            //允许串口中断
  38   1      }
  39          
  40          void main()
  41          {
  42   1              init();
  43   1              while(1)
  44   1              {
  45   2                      if(a=='1')
  46   2                      {
  47   3                              beep=0;
  48   3                              delay(500);
  49   3                              beep=1;
  50   3                              delay(500);
  51   3                      }
  52   2                      if(a=='2')
  53   2                      {
  54   3                              TR0=0;
  55   3                              beep=1;
C51 COMPILER V9.00   OBB                                                                   04/27/2022 22:25:56 PAGE 2   

  56   3                      }
  57   2              }       
  58   1      }
  59          void  ser() interrupt 4
  60          {
  61   1              ES=0;
  62   1              RI=0;
  63   1              a=SBUF;
  64   1              if(a=='2')
  65   1              {
  66   2                      flag=1;
  67   2              }  
  68   1              ES=1;
  69   1      }


MODULE INFORMATION:   STATIC OVERLAYABLE
   CODE SIZE        =     96    ----
   CONSTANT SIZE    =   ----    ----
   XDATA SIZE       =   ----    ----
   PDATA SIZE       =   ----    ----
   DATA SIZE        =      3    ----
   IDATA SIZE       =   ----    ----
   BIT SIZE         =   ----    ----
END OF MODULE INFORMATION.


C51 COMPILATION COMPLETE.  0 WARNING(S),  0 ERROR(S)
